<?xml version="1.0" encoding="UTF-8"?>
<!-- Generated by org.testng.reporters.JUnitReportReporter -->
<testsuite hostname="EPINBANW02C7" failures="0" tests="2" name="TestAutomation.ProgramsPortal.RestAssured.TestRestAssured" time="1.274" errors="0" timestamp="2022-03-14T17:58:48 IST" skipped="0">
  <testcase classname="TestAutomation.ProgramsPortal.RestAssured.TestRestAssured" name="testSpeakerDetailsWithID" time="1.116"/>
  <system-out/>
  <testcase classname="TestAutomation.ProgramsPortal.RestAssured.TestRestAssured" name="testAddSpeakerDetails" time="0.158"/>
  <system-out/>
</testsuite> <!-- TestAutomation.ProgramsPortal.RestAssured.TestRestAssured -->
