<?xml version="1.0" encoding="UTF-8"?>
<!-- Generated by org.testng.reporters.JUnitReportReporter -->
<testsuite hostname="EPINBANW02C7" failures="0" tests="1" name="TestAutomation.ProgramsPortal.Database.TestDatabase" time="0.060" errors="0" timestamp="2022-03-14T17:58:48 IST" skipped="0">
  <testcase classname="TestAutomation.ProgramsPortal.Database.TestDatabase" name="testSpeakerID" time="0.060"/>
  <system-out/>
</testsuite> <!-- TestAutomation.ProgramsPortal.Database.TestDatabase -->
