<?xml version="1.0" encoding="UTF-8"?>
<!-- Generated by org.testng.reporters.JUnitReportReporter -->
<testsuite hostname="EPINBANW02C7" failures="0" tests="6" name="TestAutomation.ProgramsPortal.Selenium.TestCases.TestProgramsPortal" time="53.988" errors="0" timestamp="2022-03-14T17:58:22 IST" skipped="0">
  <testcase classname="TestAutomation.ProgramsPortal.Selenium.TestCases.TestProgramsPortal" name="testCookies" time="7.508"/>
  <system-out/>
  <testcase classname="TestAutomation.ProgramsPortal.Selenium.TestCases.TestProgramsPortal" name="testSignInPage" time="3.154"/>
  <system-out/>
  <testcase classname="TestAutomation.ProgramsPortal.Selenium.TestCases.TestProgramsPortal" name="testSignUpPage" time="9.306"/>
  <system-out/>
  <testcase classname="TestAutomation.ProgramsPortal.Selenium.TestCases.TestProgramsPortal" name="testSignInPageAfterSignUp" time="9.273"/>
  <system-out/>
  <testcase classname="TestAutomation.ProgramsPortal.Selenium.TestCases.TestProgramsPortal" name="testProgramsPage" time="9.275"/>
  <system-out/>
  <testcase classname="TestAutomation.ProgramsPortal.Selenium.TestCases.TestProgramsPortal" name="testSpeakersPage" time="15.472"/>
  <system-out/>
</testsuite> <!-- TestAutomation.ProgramsPortal.Selenium.TestCases.TestProgramsPortal -->
