<?xml version="1.0" encoding="UTF-8"?>
<!-- Generated by org.testng.reporters.JUnitReportReporter -->
<testsuite hostname="EPINBANW02C7" failures="0" tests="3" name="TestAutomation.BDD.feature.TestLoginPage" time="30.319" errors="0" timestamp="2022-03-01T12:44:34 IST" skipped="1">
  <testcase classname="TestAutomation.BDD.feature.TestLoginPage" name="runScenario" time="10.545"/>
  <system-out/>
  <testcase classname="TestAutomation.BDD.feature.TestLoginPage" name="runScenario" time="19.774"/>
  <system-out/>
  <testcase classname="TestAutomation.BDD.feature.TestLoginPage" name="testDummy">
    <skipped/>
  </testcase> <!-- testDummy -->
  <system-out/>
</testsuite> <!-- TestAutomation.BDD.feature.TestLoginPage -->
