<?xml version="1.0" encoding="UTF-8"?>
<!-- Generated by org.testng.reporters.JUnitReportReporter -->
<testsuite hostname="EPINBANW02C7" failures="0" tests="2" name="TestAutomation.BDD.feature.TestUsersPage" time="89.271" errors="0" timestamp="2022-03-01T13:30:25 IST" skipped="1">
  <testcase classname="TestAutomation.BDD.feature.TestUsersPage" name="runScenario" time="89.271"/>
  <system-out/>
  <testcase classname="TestAutomation.BDD.feature.TestUsersPage" name="testDummy">
    <skipped/>
  </testcase> <!-- testDummy -->
  <system-out/>
</testsuite> <!-- TestAutomation.BDD.feature.TestUsersPage -->
