<?xml version="1.0" encoding="UTF-8"?>
<!-- Generated by org.testng.reporters.JUnitReportReporter -->
<testsuite hostname="EPINBANW02C7" failures="0" tests="32" name="TestAutomation.BDD.feature.TestCalculatorWithCucumbertestRunner" time="0.329" errors="0" timestamp="2022-03-02T11:18:24 IST" skipped="0">
  <testcase classname="TestAutomation.BDD.feature.TestCalculatorWithCucumbertestRunner" name="testCucumberScenario" time="0.006"/>
  <system-out/>
  <testcase classname="TestAutomation.BDD.feature.TestCalculatorWithCucumbertestRunner" name="testCucumberScenario" time="0.007"/>
  <system-out/>
  <testcase classname="TestAutomation.BDD.feature.TestCalculatorWithCucumbertestRunner" name="testCucumberScenario" time="0.006"/>
  <system-out/>
  <testcase classname="TestAutomation.BDD.feature.TestCalculatorWithCucumbertestRunner" name="testCucumberScenario" time="0.007"/>
  <system-out/>
  <testcase classname="TestAutomation.BDD.feature.TestCalculatorWithCucumbertestRunner" name="testCucumberScenario" time="0.008"/>
  <system-out/>
  <testcase classname="TestAutomation.BDD.feature.TestCalculatorWithCucumbertestRunner" name="testCucumberScenario" time="0.007"/>
  <system-out/>
  <testcase classname="TestAutomation.BDD.feature.TestCalculatorWithCucumbertestRunner" name="testCucumberScenario" time="0.007"/>
  <system-out/>
  <testcase classname="TestAutomation.BDD.feature.TestCalculatorWithCucumbertestRunner" name="testCucumberScenario" time="0.006"/>
  <system-out/>
  <testcase classname="TestAutomation.BDD.feature.TestCalculatorWithCucumbertestRunner" name="testCucumberScenario" time="0.011"/>
  <system-out/>
  <testcase classname="TestAutomation.BDD.feature.TestCalculatorWithCucumbertestRunner" name="testCucumberScenario" time="0.006"/>
  <system-out/>
  <testcase classname="TestAutomation.BDD.feature.TestCalculatorWithCucumbertestRunner" name="testCucumberScenario" time="0.007"/>
  <system-out/>
  <testcase classname="TestAutomation.BDD.feature.TestCalculatorWithCucumbertestRunner" name="testCucumberScenario" time="0.007"/>
  <system-out/>
  <testcase classname="TestAutomation.BDD.feature.TestCalculatorWithCucumbertestRunner" name="testCucumberScenario" time="0.005"/>
  <system-out/>
  <testcase classname="TestAutomation.BDD.feature.TestCalculatorWithCucumbertestRunner" name="testCucumberScenario" time="0.005"/>
  <system-out/>
  <testcase classname="TestAutomation.BDD.feature.TestCalculatorWithCucumbertestRunner" name="testCucumberScenario" time="0.006"/>
  <system-out/>
  <testcase classname="TestAutomation.BDD.feature.TestCalculatorWithCucumbertestRunner" name="testCucumberScenario" time="0.111"/>
  <system-out/>
  <testcase classname="TestAutomation.BDD.feature.TestCalculatorWithCucumbertestRunner" name="testCucumberScenario" time="0.007"/>
  <system-out/>
  <testcase classname="TestAutomation.BDD.feature.TestCalculatorWithCucumbertestRunner" name="testCucumberScenario" time="0.010"/>
  <system-out/>
  <testcase classname="TestAutomation.BDD.feature.TestCalculatorWithCucumbertestRunner" name="testCucumberScenario" time="0.006"/>
  <system-out/>
  <testcase classname="TestAutomation.BDD.feature.TestCalculatorWithCucumbertestRunner" name="testCucumberScenario" time="0.008"/>
  <system-out/>
  <testcase classname="TestAutomation.BDD.feature.TestCalculatorWithCucumbertestRunner" name="testCucumberScenario" time="0.008"/>
  <system-out/>
  <testcase classname="TestAutomation.BDD.feature.TestCalculatorWithCucumbertestRunner" name="testCucumberScenario" time="0.005"/>
  <system-out/>
  <testcase classname="TestAutomation.BDD.feature.TestCalculatorWithCucumbertestRunner" name="testCucumberScenario" time="0.006"/>
  <system-out/>
  <testcase classname="TestAutomation.BDD.feature.TestCalculatorWithCucumbertestRunner" name="testCucumberScenario" time="0.010"/>
  <system-out/>
  <testcase classname="TestAutomation.BDD.feature.TestCalculatorWithCucumbertestRunner" name="testCucumberScenario" time="0.007"/>
  <system-out/>
  <testcase classname="TestAutomation.BDD.feature.TestCalculatorWithCucumbertestRunner" name="testCucumberScenario" time="0.007"/>
  <system-out/>
  <testcase classname="TestAutomation.BDD.feature.TestCalculatorWithCucumbertestRunner" name="testCucumberScenario" time="0.006"/>
  <system-out/>
  <testcase classname="TestAutomation.BDD.feature.TestCalculatorWithCucumbertestRunner" name="testCucumberScenario" time="0.007"/>
  <system-out/>
  <testcase classname="TestAutomation.BDD.feature.TestCalculatorWithCucumbertestRunner" name="testCucumberScenario" time="0.010"/>
  <system-out/>
  <testcase classname="TestAutomation.BDD.feature.TestCalculatorWithCucumbertestRunner" name="testCucumberScenario" time="0.007"/>
  <system-out/>
  <testcase classname="TestAutomation.BDD.feature.TestCalculatorWithCucumbertestRunner" name="testCucumberScenario" time="0.008"/>
  <system-out/>
  <testcase classname="TestAutomation.BDD.feature.TestCalculatorWithCucumbertestRunner" name="testCucumberScenario" time="0.005"/>
  <system-out/>
</testsuite> <!-- TestAutomation.BDD.feature.TestCalculatorWithCucumbertestRunner -->
