<?xml version="1.0" encoding="UTF-8"?>
<!-- Generated by org.testng.reporters.JUnitReportReporter -->
<testsuite hostname="EPINBANW02C7" failures="0" tests="7" name="TestAutomation.DatabaseTest.TestStructuralDB" time="0.053" errors="0" timestamp="2022-02-28T09:52:50 IST" skipped="0">
  <testcase classname="TestAutomation.DatabaseTest.TestStructuralDB" name="testColumnsDataSize" time="0.003"/>
  <system-out/>
  <testcase classname="TestAutomation.DatabaseTest.TestStructuralDB" name="testNumberofColumns" time="0.003"/>
  <system-out/>
  <testcase classname="TestAutomation.DatabaseTest.TestStructuralDB" name="testColumnsDataType" time="0.003"/>
  <system-out/>
  <testcase classname="TestAutomation.DatabaseTest.TestStructuralDB" name="testColumnNames" time="0.036"/>
  <system-out/>
  <testcase classname="TestAutomation.DatabaseTest.TestStructuralDB" name="testConstraints" time="0.003"/>
  <system-out/>
  <testcase classname="TestAutomation.DatabaseTest.TestStructuralDB" name="testNullable" time="0.002"/>
  <system-out/>
  <testcase classname="TestAutomation.DatabaseTest.TestStructuralDB" name="testTablesExistence" time="0.003"/>
  <system-out/>
</testsuite> <!-- TestAutomation.DatabaseTest.TestStructuralDB -->
