<?xml version="1.0" encoding="UTF-8"?>
<!-- Generated by org.testng.reporters.JUnitReportReporter -->
<testsuite hostname="EPINBANW02C7" failures="0" tests="5" name="TestAutomation.DatabaseTest.TestStoredProcedure" time="0.150" errors="0" timestamp="2022-02-25T17:55:44 IST" skipped="0">
  <testcase classname="TestAutomation.DatabaseTest.TestStoredProcedure" name="testTrigger" time="0.006"/>
  <system-out/>
  <testcase classname="TestAutomation.DatabaseTest.TestStoredProcedure" name="testSPCityByCountry" time="0.063"/>
  <system-out/>
  <testcase classname="TestAutomation.DatabaseTest.TestStoredProcedure" name="testSPCityCountsByCountry" time="0.012"/>
  <system-out/>
  <testcase classname="TestAutomation.DatabaseTest.TestStoredProcedure" name="testSPCityDetails" time="0.065"/>
  <system-out/>
  <testcase classname="TestAutomation.DatabaseTest.TestStoredProcedure" name="testStoredProcedureExistence" time="0.004"/>
  <system-out/>
</testsuite> <!-- TestAutomation.DatabaseTest.TestStoredProcedure -->
