<?xml version="1.0" encoding="UTF-8"?>
<!-- Generated by org.testng.reporters.JUnitReportReporter -->
<testsuite hostname="EPINBANW02C7" failures="0" tests="2" name="TestAutomation.DatabaseTest.TestFunction" time="0.067" errors="0" timestamp="2022-02-28T00:16:56 IST" skipped="0">
  <testcase classname="TestAutomation.DatabaseTest.TestFunction" name="testcountCityPopulation" time="0.026"/>
  <system-out/>
  <testcase classname="TestAutomation.DatabaseTest.TestFunction" name="testFunctionExistence" time="0.041"/>
  <system-out/>
</testsuite> <!-- TestAutomation.DatabaseTest.TestFunction -->
