<?xml version="1.0" encoding="UTF-8"?>
<!-- Generated by org.testng.reporters.JUnitReportReporter -->
<testsuite hostname="EPINBANW02C7" failures="0" tests="1" name="TestAutomation.SeleniumSAUCE.TestLoginPageOrangeHRM" time="6.610" errors="0" timestamp="2022-02-22T10:36:57 IST" skipped="0">
  <testcase classname="TestAutomation.SeleniumSAUCE.TestLoginPageOrangeHRM" name="testLogin" time="6.610"/>
  <system-out/>
</testsuite> <!-- TestAutomation.SeleniumSAUCE.TestLoginPageOrangeHRM -->
