<?xml version="1.0" encoding="UTF-8"?>
<!-- Generated by org.testng.reporters.JUnitReportReporter -->
<testsuite hostname="EPINBANW02C7" failures="0" tests="1" name="TestAutomation.SeleniumSAUCE.TestLoginPageOrangeHRMExtent" time="4.795" errors="0" timestamp="2022-02-22T23:25:35 IST" skipped="0">
  <testcase classname="TestAutomation.SeleniumSAUCE.TestLoginPageOrangeHRMExtent" name="testLogin" time="4.795"/>
  <system-out/>
</testsuite> <!-- TestAutomation.SeleniumSAUCE.TestLoginPageOrangeHRMExtent -->
