<?xml version="1.0" encoding="UTF-8"?>
<!-- Generated by org.testng.reporters.JUnitReportReporter -->
<testsuite hostname="EPINBANW02C7" failures="0" tests="1" name="TestAutomation.SeleniumSAUCE.GridTestLoginPage" time="6.384" errors="0" timestamp="2022-02-22T22:55:45 IST" skipped="0">
  <testcase classname="TestAutomation.SeleniumSAUCE.GridTestLoginPage" name="testLogin" time="6.384"/>
  <system-out/>
</testsuite> <!-- TestAutomation.SeleniumSAUCE.GridTestLoginPage -->
