<?xml version="1.0" encoding="UTF-8"?>
<!-- Generated by org.testng.reporters.JUnitReportReporter -->
<testsuite hostname="EPINBANW02C7" failures="0" tests="3" name="TestAutomation.testng.AppTest" time="0.006" errors="0" timestamp="2022-03-06T16:37:18 IST" skipped="0">
  <testcase classname="TestAutomation.testng.AppTest" name="testApp1" time="0.000"/>
  <system-out/>
  <testcase classname="TestAutomation.testng.AppTest" name="testApp2" time="0.001"/>
  <system-out/>
  <testcase classname="TestAutomation.testng.AppTest" name="testApp" time="0.005"/>
  <system-out/>
</testsuite> <!-- TestAutomation.testng.AppTest -->
