<?xml version="1.0" encoding="UTF-8"?>
<!-- Generated by org.testng.reporters.JUnitReportReporter -->
<testsuite hostname="EPINBANW02C7" failures="0" tests="23" name="TestAutomation.testng.TestCatalogue" time="0.021" errors="0" timestamp="2022-03-06T16:37:47 IST" skipped="0">
  <testcase classname="TestAutomation.testng.TestCatalogue" name="testCatalogueAddBooks" time="0.001"/>
  <system-out/>
  <testcase classname="TestAutomation.testng.TestCatalogue" name="testCatalogueSearchByBookNamewhichDoesNotExist" time="0.000"/>
  <system-out/>
  <testcase classname="TestAutomation.testng.TestCatalogue" name="testARemoveNewlyAddedBook" time="0.001"/>
  <system-out/>
  <testcase classname="TestAutomation.testng.TestCatalogue" name="testCatalogueRemoveBook" time="0.000"/>
  <system-out/>
  <testcase classname="TestAutomation.testng.TestCatalogue" name="testAddToLibraryWithUnsupportedObject" time="0.004"/>
  <system-out/>
  <testcase classname="TestAutomation.testng.TestCatalogue" name="testCatalogueAddBook" time="0.003"/>
  <system-out/>
  <testcase classname="TestAutomation.testng.TestCatalogue" name="testAddToLibraryWithSupportedObject" time="0.000"/>
  <system-out/>
  <testcase classname="TestAutomation.testng.TestCatalogue" name="testCatalogueAddBooks" time="0.001"/>
  <system-out/>
  <testcase classname="TestAutomation.testng.TestCatalogue" name="testCatalogueAddBooks" time="0.002"/>
  <system-out/>
  <testcase classname="TestAutomation.testng.TestCatalogue" name="testCatalogueSearchByAuthorname" time="0.000"/>
  <system-out/>
  <testcase classname="TestAutomation.testng.TestCatalogue" name="testCatalogueSearchByBookNamePara" time="0.001"/>
  <system-out/>
  <testcase classname="TestAutomation.testng.TestCatalogue" name="testCatalogueSearchByBookName" time="0.000"/>
  <system-out/>
  <testcase classname="TestAutomation.testng.TestCatalogue" name="testCatalogueAddBooks" time="0.001"/>
  <system-out/>
  <testcase classname="TestAutomation.testng.TestCatalogue" name="testARemoveNewlyAddedBook2" time="0.000"/>
  <system-out/>
  <testcase classname="TestAutomation.testng.TestCatalogue" name="testCatalogueSearchByAuthornameWhichDoesNotExist" time="0.001"/>
  <system-out/>
  <testcase classname="TestAutomation.testng.TestCatalogue" name="testCatalogueAddBooks" time="0.000"/>
  <system-out/>
  <testcase classname="TestAutomation.testng.TestCatalogue" name="testCatalogueAddBooks" time="0.000"/>
  <system-out/>
  <testcase classname="TestAutomation.testng.TestCatalogue" name="testCatalogueAddBooks" time="0.001"/>
  <system-out/>
  <testcase classname="TestAutomation.testng.TestCatalogue" name="testCatalogueAddBooks" time="0.000"/>
  <system-out/>
  <testcase classname="TestAutomation.testng.TestCatalogue" name="testCatalogueAddBooks" time="0.001"/>
  <system-out/>
  <testcase classname="TestAutomation.testng.TestCatalogue" name="testCatalogueAddBooks" time="0.002"/>
  <system-out/>
  <testcase classname="TestAutomation.testng.TestCatalogue" name="testCatalogueAddBooks" time="0.001"/>
  <system-out/>
  <testcase classname="TestAutomation.testng.TestCatalogue" name="testCatalogueRemoveNonExistingBook" time="0.001"/>
  <system-out/>
</testsuite> <!-- TestAutomation.testng.TestCatalogue -->
