<?xml version="1.0" encoding="UTF-8"?>
<!-- Generated by org.testng.reporters.JUnitReportReporter -->
<testsuite hostname="EPINBANW02C7" failures="0" tests="7" name="TestAutomation.testng.TestLibrary" time="0.013" errors="0" timestamp="2022-03-06T16:37:47 IST" skipped="0">
  <testcase classname="TestAutomation.testng.TestLibrary" name="testAddMember" time="0.001"/>
  <system-out/>
  <testcase classname="TestAutomation.testng.TestLibrary" name="testdeActiveUser" time="0.002"/>
  <system-out/>
  <testcase classname="TestAutomation.testng.TestLibrary" name="testAddNewMember" time="0.001"/>
  <system-out/>
  <testcase classname="TestAutomation.testng.TestLibrary" name="testAddMember" time="0.006"/>
  <system-out/>
  <testcase classname="TestAutomation.testng.TestLibrary" name="testActiveUser" time="0.002"/>
  <system-out/>
  <testcase classname="TestAutomation.testng.TestLibrary" name="testIssueBook" time="0.000"/>
  <system-out/>
  <testcase classname="TestAutomation.testng.TestLibrary" name="testAddMember" time="0.001"/>
  <system-out/>
</testsuite> <!-- TestAutomation.testng.TestLibrary -->
