<?xml version="1.0" encoding="UTF-8"?>
<!-- Generated by org.testng.reporters.JUnitReportReporter -->
<testsuite hostname="EPINBANW02C7" failures="0" tests="7" name="TestAutomation.RestAPIProject.OrangeHRM.RestAPIOrangeHRM" time="12.076" errors="0" timestamp="2022-03-08T21:52:42 IST" skipped="0">
  <testcase classname="TestAutomation.RestAPIProject.OrangeHRM.RestAPIOrangeHRM" name="testAttendanceSheet" time="2.759"/>
  <system-out/>
  <testcase classname="TestAutomation.RestAPIProject.OrangeHRM.RestAPIOrangeHRM" name="testAttendanceSheetWithID" time="1.819"/>
  <system-out/>
  <testcase classname="TestAutomation.RestAPIProject.OrangeHRM.RestAPIOrangeHRM" name="testConfig" time="1.449"/>
  <system-out/>
  <testcase classname="TestAutomation.RestAPIProject.OrangeHRM.RestAPIOrangeHRM" name="testAttendanceRecordsPunchIn" time="1.746"/>
  <system-out/>
  <testcase classname="TestAutomation.RestAPIProject.OrangeHRM.RestAPIOrangeHRM" name="testAttendanceRecordsPunchOut" time="1.524"/>
  <system-out/>
  <testcase classname="TestAutomation.RestAPIProject.OrangeHRM.RestAPIOrangeHRM" name="testInvalidFormat" time="1.345"/>
  <system-out/>
  <testcase classname="TestAutomation.RestAPIProject.OrangeHRM.RestAPIOrangeHRM" name="testDelete" time="1.434"/>
  <system-out/>
</testsuite> <!-- TestAutomation.RestAPIProject.OrangeHRM.RestAPIOrangeHRM -->
