<?xml version="1.0" encoding="UTF-8"?>
<!-- Generated by org.testng.reporters.JUnitReportReporter -->
<testsuite hostname="EPINBANW02C7" failures="0" tests="5" name="TestAutomation.SeleniumProject.OrangeHRM.TestAttendanceSheetPage" time="87.779" errors="0" timestamp="2022-03-10T21:08:40 IST" skipped="0">
  <testcase classname="TestAutomation.SeleniumProject.OrangeHRM.TestAttendanceSheetPage" name="testLogin" time="7.029"/>
  <system-out/>
  <testcase classname="TestAutomation.SeleniumProject.OrangeHRM.TestAttendanceSheetPage" name="testDashboard" time="0.199"/>
  <system-out/>
  <testcase classname="TestAutomation.SeleniumProject.OrangeHRM.TestAttendanceSheetPage" name="testAttendanceSheet" time="25.337"/>
  <system-out/>
  <testcase classname="TestAutomation.SeleniumProject.OrangeHRM.TestAttendanceSheetPage" name="testPunchInOut" time="39.008"/>
  <system-out/>
  <testcase classname="TestAutomation.SeleniumProject.OrangeHRM.TestAttendanceSheetPage" name="testTotalTime" time="16.206"/>
  <system-out/>
</testsuite> <!-- TestAutomation.SeleniumProject.OrangeHRM.TestAttendanceSheetPage -->
