<?xml version="1.0" encoding="UTF-8"?>
<!-- Generated by org.testng.reporters.JUnitReportReporter -->
<testsuite hostname="EPINBANW02C7" failures="0" tests="13" name="TestAutomation.RestAPIProject.OrangeHRM.RestAPIOrangeHRM" time="20.057" errors="0" timestamp="2022-03-09T14:02:40 IST" skipped="0">
  <testcase classname="TestAutomation.RestAPIProject.OrangeHRM.RestAPIOrangeHRM" name="testAttendanceSheet" time="2.520"/>
  <system-out/>
  <testcase classname="TestAutomation.RestAPIProject.OrangeHRM.RestAPIOrangeHRM" name="testAttendanceSheetWithID" time="1.793"/>
  <system-out/>
  <testcase classname="TestAutomation.RestAPIProject.OrangeHRM.RestAPIOrangeHRM" name="testTotalHours" time="1.776"/>
  <system-out/>
  <testcase classname="TestAutomation.RestAPIProject.OrangeHRM.RestAPIOrangeHRM" name="testConfig" time="1.229"/>
  <system-out/>
  <testcase classname="TestAutomation.RestAPIProject.OrangeHRM.RestAPIOrangeHRM" name="testAttendanceRecordsPunchIn" time="1.295"/>
  <system-out/>
  <testcase classname="TestAutomation.RestAPIProject.OrangeHRM.RestAPIOrangeHRM" name="testInvalidPunchIn" time="1.325"/>
  <system-out/>
  <testcase classname="TestAutomation.RestAPIProject.OrangeHRM.RestAPIOrangeHRM" name="testAttendanceRecordsPunchOut" time="1.366"/>
  <system-out/>
  <testcase classname="TestAutomation.RestAPIProject.OrangeHRM.RestAPIOrangeHRM" name="testTotalHoursAfterPunchOut" time="1.726"/>
  <system-out/>
  <testcase classname="TestAutomation.RestAPIProject.OrangeHRM.RestAPIOrangeHRM" name="testInvalidPunchOut" time="1.284"/>
  <system-out/>
  <testcase classname="TestAutomation.RestAPIProject.OrangeHRM.RestAPIOrangeHRM" name="testInvalidFormat" time="1.259"/>
  <system-out/>
  <testcase classname="TestAutomation.RestAPIProject.OrangeHRM.RestAPIOrangeHRM" name="testOverlappingRecords" time="1.330"/>
  <system-out/>
  <testcase classname="TestAutomation.RestAPIProject.OrangeHRM.RestAPIOrangeHRM" name="testDelete" time="1.265"/>
  <system-out/>
  <testcase classname="TestAutomation.RestAPIProject.OrangeHRM.RestAPIOrangeHRM" name="testTotalHoursAfterDeleting" time="1.889"/>
  <system-out/>
</testsuite> <!-- TestAutomation.RestAPIProject.OrangeHRM.RestAPIOrangeHRM -->
