<?xml version="1.0" encoding="UTF-8"?>
<!-- Generated by org.testng.reporters.JUnitReportReporter -->
<testsuite hostname="EPINBANW02C7" failures="0" tests="1" name="TestAutomation.selenium.TestWebDriver" time="28.894" errors="0" timestamp="2022-02-14T16:23:38 IST" skipped="0">
  <testcase classname="TestAutomation.selenium.TestWebDriver" name="LoadWebDriver" time="28.894"/>
  <system-out/>
</testsuite> <!-- TestAutomation.selenium.TestWebDriver -->
