<?xml version="1.0" encoding="UTF-8"?>
<!-- Generated by org.testng.reporters.JUnitReportReporter -->
<testsuite hostname="EPINBANW02C7" failures="0" tests="1" name="TestAutomation.selenium.OrangehrmExample" time="13.534" errors="0" timestamp="2022-02-15T20:13:44 IST" skipped="0">
  <testcase classname="TestAutomation.selenium.OrangehrmExample" name="LoadWebDriver" time="13.534"/>
  <system-out/>
</testsuite> <!-- TestAutomation.selenium.OrangehrmExample -->
