<?xml version="1.0" encoding="UTF-8"?>
<!-- Generated by org.testng.reporters.JUnitReportReporter -->
<testsuite hostname="EPINBANW02C7" failures="0" tests="1" name="TestAutomation.selenium.OrangehrmAssignment" time="87.100" errors="0" timestamp="2022-02-19T23:57:02 IST" skipped="0">
  <testcase classname="TestAutomation.selenium.OrangehrmAssignment" name="method" time="87.100"/>
  <system-out/>
</testsuite> <!-- TestAutomation.selenium.OrangehrmAssignment -->
