<?xml version="1.0" encoding="UTF-8"?>
<!-- Generated by org.testng.reporters.JUnitReportReporter -->
<testsuite hostname="EPINBANW02C7" failures="0" tests="1" name="TestAutomation.selenium.alert.alert" time="7.133" errors="0" timestamp="2022-02-20T00:31:59 IST" skipped="0">
  <testcase classname="TestAutomation.selenium.alert.alert" name="testDragandDrop" time="7.133"/>
  <system-out/>
</testsuite> <!-- TestAutomation.selenium.alert.alert -->
