<?xml version="1.0" encoding="UTF-8"?>
<!-- Generated by org.testng.reporters.JUnitReportReporter -->
<testsuite hostname="EPINBANW02C7" failures="0" tests="1" name="TestAutomation.selenium.OrangehrmAssignment" time="94.443" errors="0" timestamp="2022-02-16T00:33:44 IST" skipped="0">
  <testcase classname="TestAutomation.selenium.OrangehrmAssignment" name="LoadWebDriver" time="94.443"/>
  <system-out/>
</testsuite> <!-- TestAutomation.selenium.OrangehrmAssignment -->
