<?xml version="1.0" encoding="UTF-8"?>
<!-- Generated by org.testng.reporters.JUnitReportReporter -->
<testsuite hostname="EPINBANW02C7" failures="0" tests="1" name="TestAutomation.selenium.guru99.TestGuru99Alerts" time="7.406" errors="0" timestamp="2022-02-18T15:58:02 IST" skipped="0">
  <testcase classname="TestAutomation.selenium.guru99.TestGuru99Alerts" name="testDragDrop" time="7.406"/>
  <system-out/>
</testsuite> <!-- TestAutomation.selenium.guru99.TestGuru99Alerts -->
