<?xml version="1.0" encoding="UTF-8"?>
<!-- Generated by org.testng.reporters.JUnitReportReporter -->
<testsuite hostname="EPINBANW02C7" failures="0" tests="3" name="TestAutomation.selenium.ApplyLeaveAssignment" time="132.512" errors="0" timestamp="2022-02-23T00:52:08 IST" skipped="0">
  <testcase classname="TestAutomation.selenium.ApplyLeaveAssignment" name="testLeaveList" time="52.135"/>
  <system-out/>
  <testcase classname="TestAutomation.selenium.ApplyLeaveAssignment" name="testApplyLeave" time="80.217"/>
  <system-out/>
  <testcase classname="TestAutomation.selenium.ApplyLeaveAssignment" name="testLogin" time="0.160"/>
  <system-out/>
</testsuite> <!-- TestAutomation.selenium.ApplyLeaveAssignment -->
