<?xml version="1.0" encoding="UTF-8"?>
<!-- Generated by org.testng.reporters.JUnitReportReporter -->
<testsuite hostname="EPINBANW02C7" failures="0" tests="1" name="TestAutomation.selenium.TestImplicit" time="69.105" errors="0" timestamp="2022-02-20T00:06:46 IST" skipped="0">
  <testcase classname="TestAutomation.selenium.TestImplicit" name="method" time="69.105"/>
  <system-out/>
</testsuite> <!-- TestAutomation.selenium.TestImplicit -->
