<?xml version="1.0" encoding="UTF-8"?>
<!-- Generated by org.testng.reporters.JUnitReportReporter -->
<testsuite hostname="EPINBANW02C7" failures="0" tests="1" name="TestAutomation.selenium.orangeHRMPOM.pages.TestOrangeHRMLoginPage" time="35.832" errors="0" timestamp="2022-02-17T13:49:34 IST" skipped="0">
  <testcase classname="TestAutomation.selenium.orangeHRMPOM.pages.TestOrangeHRMLoginPage" name="testLoginFunctionality" time="35.832"/>
  <system-out/>
</testsuite> <!-- TestAutomation.selenium.orangeHRMPOM.pages.TestOrangeHRMLoginPage -->
