<?xml version="1.0" encoding="UTF-8"?>
<!-- Generated by org.testng.reporters.JUnitReportReporter -->
<testsuite hostname="EPINBANW02C7" failures="0" tests="1" name="TestAutomation.selenium.orangeHRMPOM.pages.HealthSectionAssignment" time="31.504" errors="0" timestamp="2022-02-20T00:58:21 IST" skipped="0">
  <testcase classname="TestAutomation.selenium.orangeHRMPOM.pages.HealthSectionAssignment" name="testLogin" time="31.504"/>
  <system-out/>
</testsuite> <!-- TestAutomation.selenium.orangeHRMPOM.pages.HealthSectionAssignment -->
