<?xml version="1.0" encoding="UTF-8"?>
<!-- Generated by org.testng.reporters.JUnitReportReporter -->
<testsuite hostname="EPINBANW02C7" failures="0" tests="1" name="TestAutomation.selenium.TestExplicit" time="63.279" errors="0" timestamp="2022-02-20T00:03:06 IST" skipped="0">
  <testcase classname="TestAutomation.selenium.TestExplicit" name="method" time="63.279"/>
  <system-out/>
</testsuite> <!-- TestAutomation.selenium.TestExplicit -->
