<?xml version="1.0" encoding="UTF-8"?>
<!-- Generated by org.testng.reporters.JUnitReportReporter -->
<testsuite hostname="EPINBANW02C7" failures="0" tests="2" name="TestAutomation.selenium.ApplyLeaveAssignment" time="79.530" errors="0" timestamp="2022-02-22T01:51:56 IST" skipped="0">
  <testcase classname="TestAutomation.selenium.ApplyLeaveAssignment" name="testApplyLeave" time="79.318"/>
  <system-out/>
  <testcase classname="TestAutomation.selenium.ApplyLeaveAssignment" name="testLogin" time="0.212"/>
  <system-out/>
</testsuite> <!-- TestAutomation.selenium.ApplyLeaveAssignment -->
