<?xml version="1.0" encoding="UTF-8"?>
<!-- Generated by org.testng.reporters.JUnitReportReporter -->
<testsuite hostname="EPINBANW02C7" failures="0" tests="1" name="TestAutomation.selenium.orangeHRMPOM.pages.TestOrangeHRMLoginPage" time="32.813" errors="0" timestamp="2022-02-20T01:16:49 IST" skipped="0">
  <testcase classname="TestAutomation.selenium.orangeHRMPOM.pages.TestOrangeHRMLoginPage" name="testLogin" time="32.813"/>
  <system-out/>
</testsuite> <!-- TestAutomation.selenium.orangeHRMPOM.pages.TestOrangeHRMLoginPage -->
