<?xml version="1.0" encoding="UTF-8"?>
<!-- Generated by org.testng.reporters.JUnitReportReporter -->
<testsuite hostname="EPINBANW02C7" failures="0" tests="1" name="TestAutomation.selenium.orangeHRMPOM.pages.TestOrangeJS" time="9.040" errors="0" timestamp="2022-02-18T16:21:57 IST" skipped="0">
  <testcase classname="TestAutomation.selenium.orangeHRMPOM.pages.TestOrangeJS" name="testLoginFunctionalityscreenshot" time="9.040"/>
  <system-out/>
</testsuite> <!-- TestAutomation.selenium.orangeHRMPOM.pages.TestOrangeJS -->
