<?xml version="1.0" encoding="UTF-8"?>
<!-- Generated by org.testng.reporters.JUnitReportReporter -->
<testsuite hostname="EPINBANW02C7" failures="0" tests="1" name="TestAutomation.selenium.OrangehrmAssignment" time="84.140" errors="0" timestamp="2022-02-17T01:21:51 IST" skipped="0">
  <testcase classname="TestAutomation.selenium.OrangehrmAssignment" name="method" time="84.140"/>
  <system-out/>
</testsuite> <!-- TestAutomation.selenium.OrangehrmAssignment -->
