<?xml version="1.0" encoding="UTF-8"?>
<!-- Generated by org.testng.reporters.JUnitReportReporter -->
<testsuite hostname="EPINBANW02C7" failures="0" tests="1" name="TestAutomation.selenium.TestWebDriver" time="42.471" errors="0" timestamp="2022-02-15T19:45:43 IST" skipped="0">
  <testcase classname="TestAutomation.selenium.TestWebDriver" name="LoadWebDriver" time="42.471"/>
  <system-out/>
</testsuite> <!-- TestAutomation.selenium.TestWebDriver -->
