<?xml version="1.0" encoding="UTF-8"?>
<!-- Generated by org.testng.reporters.JUnitReportReporter -->
<testsuite hostname="EPINBANW02C7" failures="0" tests="1" name="TestAutomation.selenium.OrangehrmExample" time="20.679" errors="0" timestamp="2022-02-19T23:58:35 IST" skipped="0">
  <testcase classname="TestAutomation.selenium.OrangehrmExample" name="LoadWebDriver" time="20.679"/>
  <system-out/>
</testsuite> <!-- TestAutomation.selenium.OrangehrmExample -->
