<?xml version="1.0" encoding="UTF-8"?>
<!-- Generated by org.testng.reporters.JUnitReportReporter -->
<testsuite hostname="EPINBANW02C7" failures="0" tests="1" name="TestAutomation.selenium.TestImplicit" time="66.658" errors="0" timestamp="2022-02-17T10:21:28 IST" skipped="0">
  <testcase classname="TestAutomation.selenium.TestImplicit" name="method" time="66.658"/>
  <system-out/>
</testsuite> <!-- TestAutomation.selenium.TestImplicit -->
