<?xml version="1.0" encoding="UTF-8"?>
<!-- Generated by org.testng.reporters.JUnitReportReporter -->
<testsuite hostname="EPINBANW02C7" failures="0" tests="1" name="TestAutomation.selenium.OrangeHRM" time="1024.055" errors="0" timestamp="2022-02-15T18:31:36 IST" skipped="0">
  <testcase classname="TestAutomation.selenium.OrangeHRM" name="LoadWebDriver" time="1024.055"/>
  <system-out/>
</testsuite> <!-- TestAutomation.selenium.OrangeHRM -->
