<?xml version="1.0" encoding="UTF-8"?>
<!-- Generated by org.testng.reporters.JUnitReportReporter -->
<testsuite hostname="EPINBANW02C7" failures="0" tests="1" name="TestAutomation.selenium.TestExplicit" time="69.297" errors="0" timestamp="2022-02-17T10:23:36 IST" skipped="0">
  <testcase classname="TestAutomation.selenium.TestExplicit" name="method" time="69.297"/>
  <system-out/>
</testsuite> <!-- TestAutomation.selenium.TestExplicit -->
