<?xml version="1.0" encoding="UTF-8"?>
<!-- Generated by org.testng.reporters.JUnitReportReporter -->
<testsuite hostname="EPINBANW02C7" failures="0" tests="1" name="TestAutomation.selenium.orangeHRMPOM.pages.TestAction" time="4.589" errors="0" timestamp="2022-02-20T01:29:23 IST" skipped="0">
  <testcase classname="TestAutomation.selenium.orangeHRMPOM.pages.TestAction" name="testLogin" time="4.589"/>
  <system-out/>
</testsuite> <!-- TestAutomation.selenium.orangeHRMPOM.pages.TestAction -->
