<?xml version="1.0" encoding="UTF-8"?>
<!-- Generated by org.testng.reporters.JUnitReportReporter -->
<testsuite hostname="EPINBANW02C7" failures="0" tests="1" name="driverFactory.TestLoginPage" time="10.151" errors="0" timestamp="2022-02-23T12:24:47 IST" skipped="0">
  <testcase classname="driverFactory.TestLoginPage" name="testLogin" time="10.151"/>
  <system-out/>
</testsuite> <!-- driverFactory.TestLoginPage -->
