<?xml version="1.0" encoding="UTF-8"?>
<!-- Generated by org.testng.reporters.JUnitReportReporter -->
<testsuite hostname="EPINBANW02C7" failures="0" tests="3" name="testcases.TestLoginPage" time="33.070" errors="0" timestamp="2022-02-23T18:39:02 IST" skipped="0">
  <testcase classname="testcases.TestLoginPage" name="testLoginUsingJavascript" time="10.859"/>
  <system-out/>
  <testcase classname="testcases.TestLoginPage" name="testLogin" time="12.169"/>
  <system-out/>
  <testcase classname="testcases.TestLoginPage" name="testLoginwithProxy" time="10.042"/>
  <system-out/>
</testsuite> <!-- testcases.TestLoginPage -->
