<?xml version="1.0" encoding="UTF-8"?>
<!-- Generated by org.testng.reporters.JUnitReportReporter -->
<testsuite hostname="EPINBANW02C7" failures="0" tests="2" name="testcases.TestUsersPage" time="81.466" errors="0" timestamp="2022-02-24T01:19:09 IST" skipped="0">
  <testcase classname="testcases.TestUsersPage" name="testLogin" time="10.624"/>
  <system-out/>
  <testcase classname="testcases.TestUsersPage" name="testAmanda" time="70.842"/>
  <system-out/>
</testsuite> <!-- testcases.TestUsersPage -->
