<?xml version="1.0" encoding="UTF-8"?>
<!-- Generated by org.testng.reporters.JUnitReportReporter -->
<testsuite hostname="EPINBANW02C7" failures="0" tests="4" name="TestAutomation.restassured.TestApiAssignment" time="0.548" errors="0" timestamp="2022-02-15T01:01:46 IST" skipped="0">
  <testcase classname="TestAutomation.restassured.TestApiAssignment" name="testApiGETResponse" time="0.123"/>
  <system-out/>
  <testcase classname="TestAutomation.restassured.TestApiAssignment" name="testApiDELETEResponse" time="0.133"/>
  <system-out/>
  <testcase classname="TestAutomation.restassured.TestApiAssignment" name="testApiPUTResponse" time="0.145"/>
  <system-out/>
  <testcase classname="TestAutomation.restassured.TestApiAssignment" name="testApiPOSTResponse" time="0.147"/>
  <system-out/>
</testsuite> <!-- TestAutomation.restassured.TestApiAssignment -->
