<?xml version="1.0" encoding="UTF-8"?>
<!-- Generated by org.testng.reporters.JUnitReportReporter -->
<testsuite hostname="EPINBANW02C7" failures="0" tests="13" name="TestAutomation.restassured.TestPost" time="8.268" errors="0" timestamp="2022-02-13T21:41:33 IST" skipped="0">
  <testcase classname="TestAutomation.restassured.TestPost" name="testObjectPOSTResponse" time="0.710"/>
  <system-out/>
  <testcase classname="TestAutomation.restassured.TestPost" name="testObjectwithQueryParam2" time="0.187"/>
  <system-out/>
  <testcase classname="TestAutomation.restassured.TestPost" name="testObjectwithQueryParam2" time="0.185"/>
  <system-out/>
  <testcase classname="TestAutomation.restassured.TestPost" name="testPostObjectGETResponse" time="0.183"/>
  <system-out/>
  <testcase classname="TestAutomation.restassured.TestPost" name="testObjectwithQueryParam" time="1.026"/>
  <system-out/>
  <testcase classname="TestAutomation.restassured.TestPost" name="testObjectwithQueryParam" time="0.681"/>
  <system-out/>
  <testcase classname="TestAutomation.restassured.TestPost" name="testObjectPUTResponse" time="0.682"/>
  <system-out/>
  <testcase classname="TestAutomation.restassured.TestPost" name="testObjectwithQueryParam2" time="0.811"/>
  <system-out/>
  <testcase classname="TestAutomation.restassured.TestPost" name="testObjectwithQueryParam2" time="0.205"/>
  <system-out/>
  <testcase classname="TestAutomation.restassured.TestPost" name="testPostObjectWithID" time="0.180"/>
  <system-out/>
  <testcase classname="TestAutomation.restassured.TestPost" name="testObjectwithQueryParam" time="0.757"/>
  <system-out/>
  <testcase classname="TestAutomation.restassured.TestPost" name="testObjectwithQueryParam" time="0.692"/>
  <system-out/>
  <testcase classname="TestAutomation.restassured.TestPost" name="testObjectPATCHResponse" time="1.969"/>
  <system-out/>
</testsuite> <!-- TestAutomation.restassured.TestPost -->
