<?xml version="1.0" encoding="UTF-8"?>
<!-- Generated by org.testng.reporters.JUnitReportReporter -->
<testsuite hostname="EPINBANW02C7" failures="0" tests="4" name="TestAutomation.restassured.TestApiAssignment" time="0.542" errors="0" timestamp="2022-02-14T08:50:03 IST" skipped="0">
  <testcase classname="TestAutomation.restassured.TestApiAssignment" name="testApiGETResponse" time="0.121"/>
  <system-out/>
  <testcase classname="TestAutomation.restassured.TestApiAssignment" name="testApiPUTResponse" time="0.139"/>
  <system-out/>
  <testcase classname="TestAutomation.restassured.TestApiAssignment" name="testApiPOSTResponse" time="0.150"/>
  <system-out/>
  <testcase classname="TestAutomation.restassured.TestApiAssignment" name="testApiDELETEResponse" time="0.132"/>
  <system-out/>
</testsuite> <!-- TestAutomation.restassured.TestApiAssignment -->
