<?xml version="1.0" encoding="UTF-8"?>
<!-- Generated by org.testng.reporters.JUnitReportReporter -->
<testsuite hostname="EPINBANW02C7" failures="0" tests="2" name="TestAutomation.restassured.RestAssuredAssignment" time="2.649" errors="0" timestamp="2022-02-15T09:34:24 IST" skipped="0">
  <testcase classname="TestAutomation.restassured.RestAssuredAssignment" name="testPostonPostObject" time="1.282"/>
  <system-out/>
  <testcase classname="TestAutomation.restassured.RestAssuredAssignment" name="testGetonGetObject" time="1.367"/>
  <system-out/>
</testsuite> <!-- TestAutomation.restassured.RestAssuredAssignment -->
